<?xml version="1.0" encoding="UTF-8"?>
<!-- Generated by org.testng.reporters.JUnitReportReporter -->
<testsuite skipped="0" hostname="CR120020" name="com.vdf.login_tests.LoginTest" tests="1" failures="0" timestamp="12 Apr 2019 23:48:29 GMT" time="3.369" errors="0">
  <testcase name="test" time="3.369" classname="com.vdf.login_tests.LoginTest"/>
</testsuite> <!-- com.vdf.login_tests.LoginTest -->
