<?xml version="1.0" encoding="UTF-8"?>
<!-- Generated by org.testng.reporters.JUnitReportReporter -->
<testsuite skipped="0" hostname="CR120020" name="com.vdf.tests.LoginTest" tests="1" failures="0" timestamp="12 Apr 2019 23:56:55 GMT" time="3.981" errors="0">
  <testcase name="test" time="3.981" classname="com.vdf.tests.LoginTest"/>
</testsuite> <!-- com.vdf.tests.LoginTest -->
